<?xml version="1.0" encoding="UTF-8"?>
<testng-results ignored="0" total="1" passed="1" failed="0" skipped="0">
  <reporter-output>
  </reporter-output>
  <suite started-at="2024-12-11T16:03:39 IST" name="Surefire suite" finished-at="2024-12-11T16:04:01 IST" duration-ms="22119">
    <groups>
      <group name="cucumber">
        <method signature="AbstractTestNGCucumberTests.runScenario(io.cucumber.testng.PickleWrapper,io.cucumber.testng.FeatureWrapper)[pri:0, instance:cucumber.TestNgRunner@2aa3cd93]" name="runScenario" class="io.cucumber.testng.AbstractTestNGCucumberTests"/>
      </group> <!-- cucumber -->
    </groups>
    <test started-at="2024-12-11T16:03:39 IST" name="Surefire test" finished-at="2024-12-11T16:04:01 IST" duration-ms="22119">
      <class name="cucumber.TestNgRunner">
        <test-method is-config="true" signature="setUpClass(org.testng.ITestContext)[pri:0, instance:cucumber.TestNgRunner@2aa3cd93]" started-at="2024-12-11T16:03:39 IST" name="setUpClass" finished-at="2024-12-11T16:03:40 IST" duration-ms="756" status="PASS">
          <params>
            <param index="0">
              <value>
                <![CDATA[org.testng.TestRunner@6f911326]]>
              </value>
            </param>
          </params>
          <reporter-output>
          </reporter-output>
        </test-method> <!-- setUpClass -->
        <test-method signature="runScenario(io.cucumber.testng.PickleWrapper,io.cucumber.testng.FeatureWrapper)[pri:0, instance:cucumber.TestNgRunner@2aa3cd93]" started-at="2024-12-11T16:03:40 IST" name="runScenario" description="Runs Cucumber Scenarios" data-provider="scenarios" finished-at="2024-12-11T16:04:01 IST" duration-ms="21250" status="PASS">
          <params>
            <param index="0">
              <value>
                <![CDATA["Negetive testcase for Login Page"]]>
              </value>
            </param>
            <param index="1">
              <value>
                <![CDATA["Checking Credentials in Login Page"]]>
              </value>
            </param>
          </params>
          <reporter-output>
          </reporter-output>
        </test-method> <!-- runScenario -->
        <test-method is-config="true" signature="tearDownClass()[pri:0, instance:cucumber.TestNgRunner@2aa3cd93]" started-at="2024-12-11T16:04:01 IST" name="tearDownClass" finished-at="2024-12-11T16:04:01 IST" duration-ms="28" status="PASS">
          <reporter-output>
          </reporter-output>
        </test-method> <!-- tearDownClass -->
      </class> <!-- cucumber.TestNgRunner -->
    </test> <!-- Surefire test -->
  </suite> <!-- Surefire suite -->
</testng-results>
